<?xml version="1.0" encoding="UTF-8"?>
<robot generator="Robot 7.1.1 (Python 3.11.4 on win32)" generated="2024-10-24T10:33:39.484288" rpa="false" schemaversion="5">
<suite id="s1" name="Verify Invalid Login Excel Suite" source="c:\Mine\Company\Konsberg\HybridFramework\test\1__login_suite\3__verify_invalid_login_excel_suite.robot">
<test id="s1-t1" name="Invalid Login Test TC1" line="17">
<kw name="Launch Browser And Navigate To Url" owner="CommonFunctionality" type="SETUP">
<kw name="Open Browser" owner="SeleniumLibrary">
<msg time="2024-10-24T10:33:40.813965" level="INFO">Opening browser 'chrome' to base url 'None'.</msg>
<arg>browser=${BROWSER}</arg>
<doc>Opens a new browser instance to the optional ``url``.</doc>
<status status="PASS" start="2024-10-24T10:33:40.813965" elapsed="1.645242"/>
</kw>
<kw name="Maximize Browser Window" owner="SeleniumLibrary">
<doc>Maximizes current browser window.</doc>
<status status="PASS" start="2024-10-24T10:33:42.459207" elapsed="0.035768"/>
</kw>
<kw name="Set Selenium Implicit Wait" owner="SeleniumLibrary">
<arg>30s</arg>
<doc>Sets the implicit wait value used by Selenium.</doc>
<status status="PASS" start="2024-10-24T10:33:42.495975" elapsed="0.003578"/>
</kw>
<kw name="Go To" owner="SeleniumLibrary">
<msg time="2024-10-24T10:33:42.499553" level="INFO">Opening url 'https://opensource-demo.orangehrmlive.com/'</msg>
<arg>url=${URL}</arg>
<doc>Navigates the current browser window to the provided ``url``.</doc>
<status status="PASS" start="2024-10-24T10:33:42.499553" elapsed="4.035556"/>
</kw>
<kw name="Set Screenshot Directory" owner="SeleniumLibrary">
<arg>path=${EXECDIR}${/}logs</arg>
<doc>Sets the directory for captured screenshots.</doc>
<status status="PASS" start="2024-10-24T10:33:46.535109" elapsed="0.000000"/>
</kw>
<status status="PASS" start="2024-10-24T10:33:40.813965" elapsed="5.722145"/>
</kw>
<kw name="Verify Invalid Login Template">
<kw name="Enter Username" owner="login_page">
<kw name="Input Text" owner="SeleniumLibrary">
<msg time="2024-10-24T10:33:46.539713" level="INFO">Typing text 'jack' into text field 'name=username'.</msg>
<arg>${USERNAME_LOCATOR}</arg>
<arg>${username}</arg>
<doc>Types the given ``text`` into the text field identified by ``locator``.</doc>
<status status="PASS" start="2024-10-24T10:33:46.538718" elapsed="0.478313"/>
</kw>
<arg>${username}</arg>
<doc>Types the given text into the Username field
Examples:
| Enter Username | Admin |
| Enter Username | John |</doc>
<status status="PASS" start="2024-10-24T10:33:46.537718" elapsed="0.479313"/>
</kw>
<kw name="Enter Password" owner="login_page">
<kw name="Input Password" owner="SeleniumLibrary">
<msg time="2024-10-24T10:33:47.017031" level="INFO">Typing password into text field 'name=password'.</msg>
<msg time="2024-10-24T10:33:47.059789" level="INFO">Temporally setting log level to: NONE</msg>
<arg>${PASSWORD_LOCATOR}</arg>
<arg>${password}</arg>
<doc>Types the given password into the text field identified by ``locator``.</doc>
<status status="PASS" start="2024-10-24T10:33:47.017031" elapsed="0.096635"/>
</kw>
<arg>${password}</arg>
<doc>Types the given text into the Password field
Examples:
| Enter Password | Admin |
| Enter Password | John |</doc>
<status status="PASS" start="2024-10-24T10:33:47.017031" elapsed="0.096635"/>
</kw>
<kw name="Click Login" owner="login_page">
<kw name="Click Element" owner="SeleniumLibrary">
<msg time="2024-10-24T10:33:47.113666" level="INFO">Clicking element 'xpath=//button[normalize-space()='Login']'.</msg>
<arg>${LOGIN_LOCATOR}</arg>
<doc>Click the element identified by ``locator``.</doc>
<status status="PASS" start="2024-10-24T10:33:47.113666" elapsed="1.020511"/>
</kw>
<doc>Clicks on the login button
Examples:
| Click Login  |</doc>
<status status="PASS" start="2024-10-24T10:33:47.113666" elapsed="1.020511"/>
</kw>
<kw name="Validate Invalid Login Error Message" owner="login_page">
<kw name="Element Text Should Be" owner="SeleniumLibrary">
<msg time="2024-10-24T10:33:48.135177" level="INFO">Verifying element 'xpath=//p[contains(normalize-space(),'Invalid')]' contains exact text 'Invalid credentials'.</msg>
<arg>${ERROR_LOCATOR}</arg>
<arg>${expected_error}</arg>
<doc>Verifies that element ``locator`` contains exact the text ``expected``.</doc>
<status status="PASS" start="2024-10-24T10:33:48.135177" elapsed="0.331452"/>
</kw>
<arg>${expected_error}</arg>
<doc>Verifies the invalid error message.
Examples:
| Validate Invalid Login Error Message | Invalid Username name |</doc>
<status status="PASS" start="2024-10-24T10:33:48.134177" elapsed="0.332452"/>
</kw>
<arg>username=jack</arg>
<arg>password=jack123</arg>
<arg>expected_error=Invalid credentials</arg>
<status status="PASS" start="2024-10-24T10:33:46.537102" elapsed="1.930514"/>
</kw>
<kw name="Take Screenshot And Close Browser" owner="CommonFunctionality" type="TEARDOWN">
<kw name="Run Keyword And Ignore Error" owner="BuiltIn">
<kw name="Capture Page Screenshot" owner="SeleniumLibrary">
<msg time="2024-10-24T10:33:48.746826" level="INFO" html="true">&lt;/td&gt;&lt;/tr&gt;&lt;tr&gt;&lt;td colspan="3"&gt;&lt;a href="logs/selenium-screenshot-35.png"&gt;&lt;img src="logs/selenium-screenshot-35.png" width="800px"&gt;&lt;/a&gt;</msg>
<doc>Takes a screenshot of the current page and embeds it into a log file.</doc>
<status status="PASS" start="2024-10-24T10:33:48.469612" elapsed="0.277214"/>
</kw>
<arg>Capture Page Screenshot</arg>
<doc>Runs the given keyword with the given arguments and ignores possible error.</doc>
<status status="PASS" start="2024-10-24T10:33:48.468612" elapsed="0.278214"/>
</kw>
<kw name="Close All Browsers" owner="SeleniumLibrary">
<doc>Closes all open browsers and resets the browser cache.</doc>
<status status="PASS" start="2024-10-24T10:33:48.746826" elapsed="6.203714"/>
</kw>
<status status="PASS" start="2024-10-24T10:33:48.468612" elapsed="6.481928"/>
</kw>
<status status="PASS" start="2024-10-24T10:33:40.813965" elapsed="14.136575"/>
</test>
<test id="s1-t2" name="Invalid Login Test TC2" line="17">
<kw name="Launch Browser And Navigate To Url" owner="CommonFunctionality" type="SETUP">
<kw name="Open Browser" owner="SeleniumLibrary">
<msg time="2024-10-24T10:33:54.974604" level="INFO">Opening browser 'chrome' to base url 'None'.</msg>
<arg>browser=${BROWSER}</arg>
<doc>Opens a new browser instance to the optional ``url``.</doc>
<status status="PASS" start="2024-10-24T10:33:54.972604" elapsed="1.505172"/>
</kw>
<kw name="Maximize Browser Window" owner="SeleniumLibrary">
<doc>Maximizes current browser window.</doc>
<status status="PASS" start="2024-10-24T10:33:56.477776" elapsed="0.049412"/>
</kw>
<kw name="Set Selenium Implicit Wait" owner="SeleniumLibrary">
<arg>30s</arg>
<doc>Sets the implicit wait value used by Selenium.</doc>
<status status="PASS" start="2024-10-24T10:33:56.527188" elapsed="0.001993"/>
</kw>
<kw name="Go To" owner="SeleniumLibrary">
<msg time="2024-10-24T10:33:56.530180" level="INFO">Opening url 'https://opensource-demo.orangehrmlive.com/'</msg>
<arg>url=${URL}</arg>
<doc>Navigates the current browser window to the provided ``url``.</doc>
<status status="PASS" start="2024-10-24T10:33:56.529181" elapsed="5.245567"/>
</kw>
<kw name="Set Screenshot Directory" owner="SeleniumLibrary">
<arg>path=${EXECDIR}${/}logs</arg>
<doc>Sets the directory for captured screenshots.</doc>
<status status="PASS" start="2024-10-24T10:34:01.775741" elapsed="0.001008"/>
</kw>
<status status="PASS" start="2024-10-24T10:33:54.970360" elapsed="6.806389"/>
</kw>
<kw name="Verify Invalid Login Template">
<kw name="Enter Username" owner="login_page">
<kw name="Input Text" owner="SeleniumLibrary">
<msg time="2024-10-24T10:34:01.779729" level="INFO">Typing text 'Kim' into text field 'name=username'.</msg>
<arg>${USERNAME_LOCATOR}</arg>
<arg>${username}</arg>
<doc>Types the given ``text`` into the text field identified by ``locator``.</doc>
<status status="PASS" start="2024-10-24T10:34:01.779729" elapsed="0.992359"/>
</kw>
<arg>${username}</arg>
<doc>Types the given text into the Username field
Examples:
| Enter Username | Admin |
| Enter Username | John |</doc>
<status status="PASS" start="2024-10-24T10:34:01.778733" elapsed="0.993355"/>
</kw>
<kw name="Enter Password" owner="login_page">
<kw name="Input Password" owner="SeleniumLibrary">
<msg time="2024-10-24T10:34:02.772088" level="INFO">Typing password into text field 'name=password'.</msg>
<msg time="2024-10-24T10:34:02.816842" level="INFO">Temporally setting log level to: NONE</msg>
<arg>${PASSWORD_LOCATOR}</arg>
<arg>${password}</arg>
<doc>Types the given password into the text field identified by ``locator``.</doc>
<status status="PASS" start="2024-10-24T10:34:02.772088" elapsed="0.106673"/>
</kw>
<arg>${password}</arg>
<doc>Types the given text into the Password field
Examples:
| Enter Password | Admin |
| Enter Password | John |</doc>
<status status="PASS" start="2024-10-24T10:34:02.772088" elapsed="0.106673"/>
</kw>
<kw name="Click Login" owner="login_page">
<kw name="Click Element" owner="SeleniumLibrary">
<msg time="2024-10-24T10:34:02.878761" level="INFO">Clicking element 'xpath=//button[normalize-space()='Login']'.</msg>
<arg>${LOGIN_LOCATOR}</arg>
<doc>Click the element identified by ``locator``.</doc>
<status status="PASS" start="2024-10-24T10:34:02.878761" elapsed="1.093599"/>
</kw>
<doc>Clicks on the login button
Examples:
| Click Login  |</doc>
<status status="PASS" start="2024-10-24T10:34:02.878761" elapsed="1.093599"/>
</kw>
<kw name="Validate Invalid Login Error Message" owner="login_page">
<kw name="Element Text Should Be" owner="SeleniumLibrary">
<msg time="2024-10-24T10:34:03.973362" level="INFO">Verifying element 'xpath=//p[contains(normalize-space(),'Invalid')]' contains exact text 'Invalid credentials'.</msg>
<arg>${ERROR_LOCATOR}</arg>
<arg>${expected_error}</arg>
<doc>Verifies that element ``locator`` contains exact the text ``expected``.</doc>
<status status="PASS" start="2024-10-24T10:34:03.973362" elapsed="0.354373"/>
</kw>
<arg>${expected_error}</arg>
<doc>Verifies the invalid error message.
Examples:
| Validate Invalid Login Error Message | Invalid Username name |</doc>
<status status="PASS" start="2024-10-24T10:34:03.973362" elapsed="0.355372"/>
</kw>
<arg>username=Kim</arg>
<arg>password=kim123</arg>
<arg>expected_error=Invalid credentials</arg>
<status status="PASS" start="2024-10-24T10:34:01.778733" elapsed="2.550001"/>
</kw>
<kw name="Take Screenshot And Close Browser" owner="CommonFunctionality" type="TEARDOWN">
<kw name="Run Keyword And Ignore Error" owner="BuiltIn">
<kw name="Capture Page Screenshot" owner="SeleniumLibrary">
<msg time="2024-10-24T10:34:04.527161" level="INFO" html="true">&lt;/td&gt;&lt;/tr&gt;&lt;tr&gt;&lt;td colspan="3"&gt;&lt;a href="logs/selenium-screenshot-36.png"&gt;&lt;img src="logs/selenium-screenshot-36.png" width="800px"&gt;&lt;/a&gt;</msg>
<doc>Takes a screenshot of the current page and embeds it into a log file.</doc>
<status status="PASS" start="2024-10-24T10:34:04.329649" elapsed="0.197512"/>
</kw>
<arg>Capture Page Screenshot</arg>
<doc>Runs the given keyword with the given arguments and ignores possible error.</doc>
<status status="PASS" start="2024-10-24T10:34:04.329649" elapsed="0.197512"/>
</kw>
<kw name="Close All Browsers" owner="SeleniumLibrary">
<doc>Closes all open browsers and resets the browser cache.</doc>
<status status="PASS" start="2024-10-24T10:34:04.527161" elapsed="6.264552"/>
</kw>
<status status="PASS" start="2024-10-24T10:34:04.329649" elapsed="6.462064"/>
</kw>
<status status="PASS" start="2024-10-24T10:33:54.950540" elapsed="15.841173"/>
</test>
<doc>This suite file validates valid login of the employee and admin
which connects to scenario SC_02 and test case TC02</doc>
<status status="PASS" start="2024-10-24T10:33:39.489763" elapsed="31.315969"/>
</suite>
<statistics>
<total>
<stat pass="2" fail="0" skip="0">All Tests</stat>
</total>
<tag>
</tag>
<suite>
<stat pass="2" fail="0" skip="0" id="s1" name="Verify Invalid Login Excel Suite">Verify Invalid Login Excel Suite</stat>
</suite>
</statistics>
<errors>
</errors>
</robot>
