<?xml version="1.0" encoding="UTF-8"?>
<robot generator="Robot 6.1.1 (Python 3.11.4 on win32)" generated="20241024 17:21:33.796" rpa="false" schemaversion="4">
<suite id="s1" name="Suites">
<suite id="s1-s1" name="Verify Invalid Login Suite" source="C:\Mine\Company\Konsberg\HybridFramework\test\1__login_suite\2__verify_invalid_login_suite.robot">
<test id="s1-s1-t1" name="TC1" line="15">
<kw name="Launch Browser And Navigate To Url" library="CommonFunctionality" type="SETUP">
<kw name="Open Browser" library="SeleniumLibrary">
<arg>browser=${BROWSER}</arg>
<doc>Opens a new browser instance to the optional ``url``.</doc>
<msg timestamp="20241024 17:21:34.047" level="INFO">Opening browser 'chrome' to base url 'None'.</msg>
<status status="PASS" starttime="20241024 17:21:34.042" endtime="20241024 17:21:35.604"/>
</kw>
<kw name="Maximize Browser Window" library="SeleniumLibrary">
<doc>Maximizes current browser window.</doc>
<status status="PASS" starttime="20241024 17:21:35.604" endtime="20241024 17:21:35.672"/>
</kw>
<kw name="Set Selenium Implicit Wait" library="SeleniumLibrary">
<arg>30s</arg>
<doc>Sets the implicit wait value used by Selenium.</doc>
<status status="PASS" starttime="20241024 17:21:35.673" endtime="20241024 17:21:35.675"/>
</kw>
<kw name="Go To" library="SeleniumLibrary">
<arg>url=${URL}</arg>
<doc>Navigates the current browser window to the provided ``url``.</doc>
<msg timestamp="20241024 17:21:35.676" level="INFO">Opening url 'https://opensource-demo.orangehrmlive.com/'</msg>
<status status="PASS" starttime="20241024 17:21:35.675" endtime="20241024 17:21:40.721"/>
</kw>
<kw name="Set Screenshot Directory" library="SeleniumLibrary">
<arg>path=${EXECDIR}${/}logs</arg>
<doc>Sets the directory for captured screenshots.</doc>
<status status="PASS" starttime="20241024 17:21:40.721" endtime="20241024 17:21:40.722"/>
</kw>
<status status="PASS" starttime="20241024 17:21:34.042" endtime="20241024 17:21:40.722"/>
</kw>
<kw name="Verify Invalid Login Template">
<arg>John</arg>
<arg>john123</arg>
<arg>Invalid credentials</arg>
<kw name="Enter Username" library="login_page">
<arg>${username}</arg>
<doc>Types the given text into the Username field
Examples:
| Enter Username | Admin |
| Enter Username | John |</doc>
<kw name="Input Text" library="SeleniumLibrary">
<arg>${username_locator}</arg>
<arg>${username}</arg>
<doc>Types the given ``text`` into the text field identified by ``locator``.</doc>
<msg timestamp="20241024 17:21:40.725" level="INFO">Typing text 'John' into text field 'name=username'.</msg>
<status status="PASS" starttime="20241024 17:21:40.724" endtime="20241024 17:21:41.244"/>
</kw>
<status status="PASS" starttime="20241024 17:21:40.723" endtime="20241024 17:21:41.244"/>
</kw>
<kw name="Enter Password" library="login_page">
<arg>${password}</arg>
<doc>Types the given text into the Password field
Examples:
| Enter Password | Admin |
| Enter Password | John |</doc>
<kw name="Input Password" library="SeleniumLibrary">
<arg>${PASSWORD_LOCATOR}</arg>
<arg>${password}</arg>
<doc>Types the given password into the text field identified by ``locator``.</doc>
<msg timestamp="20241024 17:21:41.246" level="INFO">Typing password into text field 'name=password'.</msg>
<msg timestamp="20241024 17:21:41.287" level="INFO">Temporally setting log level to: NONE</msg>
<msg timestamp="20241024 17:21:41.348" level="INFO">Log level changed from NONE to INFO.</msg>
<status status="PASS" starttime="20241024 17:21:41.244" endtime="20241024 17:21:41.348"/>
</kw>
<status status="PASS" starttime="20241024 17:21:41.244" endtime="20241024 17:21:41.349"/>
</kw>
<kw name="Click Login" library="login_page">
<doc>Clicks on the login button
Examples:
| Click Login  |</doc>
<kw name="Click Element" library="SeleniumLibrary">
<arg>${LOGIN_LOCATOR}</arg>
<doc>Click the element identified by ``locator``.</doc>
<msg timestamp="20241024 17:21:41.350" level="INFO">Clicking element 'xpath=//button[normalize-space()='Login']'.</msg>
<status status="PASS" starttime="20241024 17:21:41.349" endtime="20241024 17:21:42.408"/>
</kw>
<status status="PASS" starttime="20241024 17:21:41.349" endtime="20241024 17:21:42.408"/>
</kw>
<kw name="Validate Invalid Login Error Message" library="login_page">
<arg>${expected_error}</arg>
<doc>Verifies the invalid error message.
Examples:
| Validate Invalid Login Error Message | Invalid Username name |</doc>
<kw name="Element Text Should Be" library="SeleniumLibrary">
<arg>${ERROR_LOCATOR}</arg>
<arg>${expected_error}</arg>
<doc>Verifies that element ``locator`` contains exact the text ``expected``.</doc>
<msg timestamp="20241024 17:21:42.410" level="INFO">Verifying element 'xpath=//p[contains(normalize-space(),'Invalid')]' contains exact text 'Invalid credentials'.</msg>
<status status="PASS" starttime="20241024 17:21:42.409" endtime="20241024 17:21:42.832"/>
</kw>
<status status="PASS" starttime="20241024 17:21:42.408" endtime="20241024 17:21:42.832"/>
</kw>
<status status="PASS" starttime="20241024 17:21:40.722" endtime="20241024 17:21:42.832"/>
</kw>
<kw name="Take Screenshot And Close Browser" library="CommonFunctionality" type="TEARDOWN">
<kw name="Run Keyword And Ignore Error" library="BuiltIn">
<arg>Capture Page Screenshot</arg>
<doc>Runs the given keyword with the given arguments and ignores possible error.</doc>
<kw name="Capture Page Screenshot" library="SeleniumLibrary">
<doc>Takes a screenshot of the current page and embeds it into a log file.</doc>
<msg timestamp="20241024 17:21:43.041" level="INFO" html="true">&lt;/td&gt;&lt;/tr&gt;&lt;tr&gt;&lt;td colspan="3"&gt;&lt;a href="../../logs/selenium-screenshot-46.png"&gt;&lt;img src="../../logs/selenium-screenshot-46.png" width="800px"&gt;&lt;/a&gt;</msg>
<status status="PASS" starttime="20241024 17:21:42.833" endtime="20241024 17:21:43.041"/>
</kw>
<status status="PASS" starttime="20241024 17:21:42.833" endtime="20241024 17:21:43.042"/>
</kw>
<kw name="Close All Browsers" library="SeleniumLibrary">
<doc>Closes all open browsers and resets the browser cache.</doc>
<status status="PASS" starttime="20241024 17:21:43.042" endtime="20241024 17:21:49.261"/>
</kw>
<status status="PASS" starttime="20241024 17:21:42.832" endtime="20241024 17:21:49.261"/>
</kw>
<status status="PASS" starttime="20241024 17:21:34.042" endtime="20241024 17:21:49.262"/>
</test>
<test id="s1-s1-t2" name="TC2" line="17">
<kw name="Launch Browser And Navigate To Url" library="CommonFunctionality" type="SETUP">
<kw name="Open Browser" library="SeleniumLibrary">
<arg>browser=${BROWSER}</arg>
<doc>Opens a new browser instance to the optional ``url``.</doc>
<msg timestamp="20241024 17:21:49.266" level="INFO">Opening browser 'chrome' to base url 'None'.</msg>
<status status="PASS" starttime="20241024 17:21:49.266" endtime="20241024 17:21:51.066"/>
</kw>
<kw name="Maximize Browser Window" library="SeleniumLibrary">
<doc>Maximizes current browser window.</doc>
<status status="PASS" starttime="20241024 17:21:51.067" endtime="20241024 17:21:51.121"/>
</kw>
<kw name="Set Selenium Implicit Wait" library="SeleniumLibrary">
<arg>30s</arg>
<doc>Sets the implicit wait value used by Selenium.</doc>
<status status="PASS" starttime="20241024 17:21:51.121" endtime="20241024 17:21:51.123"/>
</kw>
<kw name="Go To" library="SeleniumLibrary">
<arg>url=${URL}</arg>
<doc>Navigates the current browser window to the provided ``url``.</doc>
<msg timestamp="20241024 17:21:51.123" level="INFO">Opening url 'https://opensource-demo.orangehrmlive.com/'</msg>
<status status="PASS" starttime="20241024 17:21:51.123" endtime="20241024 17:21:55.119"/>
</kw>
<kw name="Set Screenshot Directory" library="SeleniumLibrary">
<arg>path=${EXECDIR}${/}logs</arg>
<doc>Sets the directory for captured screenshots.</doc>
<status status="PASS" starttime="20241024 17:21:55.119" endtime="20241024 17:21:55.121"/>
</kw>
<status status="PASS" starttime="20241024 17:21:49.266" endtime="20241024 17:21:55.121"/>
</kw>
<kw name="Verify Invalid Login Template">
<arg>jack</arg>
<arg>jack123</arg>
<arg>Invalid credentials</arg>
<kw name="Enter Username" library="login_page">
<arg>${username}</arg>
<doc>Types the given text into the Username field
Examples:
| Enter Username | Admin |
| Enter Username | John |</doc>
<kw name="Input Text" library="SeleniumLibrary">
<arg>${username_locator}</arg>
<arg>${username}</arg>
<doc>Types the given ``text`` into the text field identified by ``locator``.</doc>
<msg timestamp="20241024 17:21:55.124" level="INFO">Typing text 'jack' into text field 'name=username'.</msg>
<status status="PASS" starttime="20241024 17:21:55.123" endtime="20241024 17:21:55.698"/>
</kw>
<status status="PASS" starttime="20241024 17:21:55.122" endtime="20241024 17:21:55.699"/>
</kw>
<kw name="Enter Password" library="login_page">
<arg>${password}</arg>
<doc>Types the given text into the Password field
Examples:
| Enter Password | Admin |
| Enter Password | John |</doc>
<kw name="Input Password" library="SeleniumLibrary">
<arg>${PASSWORD_LOCATOR}</arg>
<arg>${password}</arg>
<doc>Types the given password into the text field identified by ``locator``.</doc>
<msg timestamp="20241024 17:21:55.700" level="INFO">Typing password into text field 'name=password'.</msg>
<msg timestamp="20241024 17:21:55.734" level="INFO">Temporally setting log level to: NONE</msg>
<msg timestamp="20241024 17:21:55.795" level="INFO">Log level changed from NONE to INFO.</msg>
<status status="PASS" starttime="20241024 17:21:55.699" endtime="20241024 17:21:55.795"/>
</kw>
<status status="PASS" starttime="20241024 17:21:55.699" endtime="20241024 17:21:55.795"/>
</kw>
<kw name="Click Login" library="login_page">
<doc>Clicks on the login button
Examples:
| Click Login  |</doc>
<kw name="Click Element" library="SeleniumLibrary">
<arg>${LOGIN_LOCATOR}</arg>
<doc>Click the element identified by ``locator``.</doc>
<msg timestamp="20241024 17:21:55.796" level="INFO">Clicking element 'xpath=//button[normalize-space()='Login']'.</msg>
<status status="PASS" starttime="20241024 17:21:55.796" endtime="20241024 17:21:55.852"/>
</kw>
<status status="PASS" starttime="20241024 17:21:55.795" endtime="20241024 17:21:55.852"/>
</kw>
<kw name="Validate Invalid Login Error Message" library="login_page">
<arg>${expected_error}</arg>
<doc>Verifies the invalid error message.
Examples:
| Validate Invalid Login Error Message | Invalid Username name |</doc>
<kw name="Element Text Should Be" library="SeleniumLibrary">
<arg>${ERROR_LOCATOR}</arg>
<arg>${expected_error}</arg>
<doc>Verifies that element ``locator`` contains exact the text ``expected``.</doc>
<msg timestamp="20241024 17:21:55.853" level="INFO">Verifying element 'xpath=//p[contains(normalize-space(),'Invalid')]' contains exact text 'Invalid credentials'.</msg>
<status status="PASS" starttime="20241024 17:21:55.852" endtime="20241024 17:21:57.152"/>
</kw>
<status status="PASS" starttime="20241024 17:21:55.852" endtime="20241024 17:21:57.152"/>
</kw>
<status status="PASS" starttime="20241024 17:21:55.121" endtime="20241024 17:21:57.152"/>
</kw>
<kw name="Take Screenshot And Close Browser" library="CommonFunctionality" type="TEARDOWN">
<kw name="Run Keyword And Ignore Error" library="BuiltIn">
<arg>Capture Page Screenshot</arg>
<doc>Runs the given keyword with the given arguments and ignores possible error.</doc>
<kw name="Capture Page Screenshot" library="SeleniumLibrary">
<doc>Takes a screenshot of the current page and embeds it into a log file.</doc>
<msg timestamp="20241024 17:21:57.403" level="INFO" html="true">&lt;/td&gt;&lt;/tr&gt;&lt;tr&gt;&lt;td colspan="3"&gt;&lt;a href="../../logs/selenium-screenshot-49.png"&gt;&lt;img src="../../logs/selenium-screenshot-49.png" width="800px"&gt;&lt;/a&gt;</msg>
<status status="PASS" starttime="20241024 17:21:57.153" endtime="20241024 17:21:57.403"/>
</kw>
<status status="PASS" starttime="20241024 17:21:57.153" endtime="20241024 17:21:57.403"/>
</kw>
<kw name="Close All Browsers" library="SeleniumLibrary">
<doc>Closes all open browsers and resets the browser cache.</doc>
<status status="PASS" starttime="20241024 17:21:57.403" endtime="20241024 17:22:03.700"/>
</kw>
<status status="PASS" starttime="20241024 17:21:57.152" endtime="20241024 17:22:03.700"/>
</kw>
<status status="PASS" starttime="20241024 17:21:49.263" endtime="20241024 17:22:03.701"/>
</test>
<doc>This suite file validates valid login of the employee and admin
which connects to scenario SC_02 and test case TC02</doc>
<status status="PASS" starttime="20241024 17:21:33.827" endtime="20241024 17:22:03.702"/>
</suite>
<status status="PASS" starttime="20241024 17:21:33.807" endtime="20241024 17:22:03.704"/>
</suite>
<statistics>
<total>
<stat pass="2" fail="0" skip="0">All Tests</stat>
</total>
<tag>
</tag>
<suite>
<stat pass="2" fail="0" skip="0" id="s1" name="Suites">Suites</stat>
<stat pass="2" fail="0" skip="0" id="s1-s1" name="Verify Invalid Login Suite">Suites.Verify Invalid Login Suite</stat>
</suite>
</statistics>
<errors>
</errors>
</robot>
