<?xml version="1.0" encoding="UTF-8"?>
<robot generator="Robot 6.1.1 (Python 3.11.4 on win32)" generated="20241024 17:21:59.556" rpa="false" schemaversion="4">
<suite id="s1" name="Suites">
<suite id="s1-s1" name="Verify Valid Add Employee Suite" source="C:\Mine\Company\Konsberg\HybridFramework\test\2__employee_suite\1__verify_valid_add_employee_suite.robot">
<test id="s1-s1-t1" name="Verify Add Valid Employee" line="15">
<kw name="Launch Browser And Navigate To Url" library="CommonFunctionality" type="SETUP">
<kw name="Open Browser" library="SeleniumLibrary">
<arg>browser=${BROWSER}</arg>
<doc>Opens a new browser instance to the optional ``url``.</doc>
<msg timestamp="20241024 17:21:59.851" level="INFO">Opening browser 'chrome' to base url 'None'.</msg>
<status status="PASS" starttime="20241024 17:21:59.851" endtime="20241024 17:22:01.469"/>
</kw>
<kw name="Maximize Browser Window" library="SeleniumLibrary">
<doc>Maximizes current browser window.</doc>
<status status="PASS" starttime="20241024 17:22:01.470" endtime="20241024 17:22:01.521"/>
</kw>
<kw name="Set Selenium Implicit Wait" library="SeleniumLibrary">
<arg>30s</arg>
<doc>Sets the implicit wait value used by Selenium.</doc>
<status status="PASS" starttime="20241024 17:22:01.521" endtime="20241024 17:22:01.524"/>
</kw>
<kw name="Go To" library="SeleniumLibrary">
<arg>url=${URL}</arg>
<doc>Navigates the current browser window to the provided ``url``.</doc>
<msg timestamp="20241024 17:22:01.525" level="INFO">Opening url 'https://opensource-demo.orangehrmlive.com/'</msg>
<status status="PASS" starttime="20241024 17:22:01.524" endtime="20241024 17:22:05.867"/>
</kw>
<kw name="Set Screenshot Directory" library="SeleniumLibrary">
<arg>path=${EXECDIR}${/}logs</arg>
<doc>Sets the directory for captured screenshots.</doc>
<status status="PASS" starttime="20241024 17:22:05.867" endtime="20241024 17:22:05.868"/>
</kw>
<status status="PASS" starttime="20241024 17:21:59.850" endtime="20241024 17:22:05.868"/>
</kw>
<kw name="Enter Username" library="login_page">
<arg>Admin</arg>
<doc>Types the given text into the Username field
Examples:
| Enter Username | Admin |
| Enter Username | John |</doc>
<kw name="Input Text" library="SeleniumLibrary">
<arg>${username_locator}</arg>
<arg>${username}</arg>
<doc>Types the given ``text`` into the text field identified by ``locator``.</doc>
<msg timestamp="20241024 17:22:05.870" level="INFO">Typing text 'Admin' into text field 'name=username'.</msg>
<status status="PASS" starttime="20241024 17:22:05.869" endtime="20241024 17:22:06.411"/>
</kw>
<status status="PASS" starttime="20241024 17:22:05.869" endtime="20241024 17:22:06.411"/>
</kw>
<kw name="Enter Password" library="login_page">
<arg>admin123</arg>
<doc>Types the given text into the Password field
Examples:
| Enter Password | Admin |
| Enter Password | John |</doc>
<kw name="Input Password" library="SeleniumLibrary">
<arg>${PASSWORD_LOCATOR}</arg>
<arg>${password}</arg>
<doc>Types the given password into the text field identified by ``locator``.</doc>
<msg timestamp="20241024 17:22:06.413" level="INFO">Typing password into text field 'name=password'.</msg>
<msg timestamp="20241024 17:22:06.450" level="INFO">Temporally setting log level to: NONE</msg>
<msg timestamp="20241024 17:22:06.504" level="INFO">Log level changed from NONE to INFO.</msg>
<status status="PASS" starttime="20241024 17:22:06.412" endtime="20241024 17:22:06.504"/>
</kw>
<status status="PASS" starttime="20241024 17:22:06.411" endtime="20241024 17:22:06.504"/>
</kw>
<kw name="Click Login" library="login_page">
<doc>Clicks on the login button
Examples:
| Click Login  |</doc>
<kw name="Click Element" library="SeleniumLibrary">
<arg>${LOGIN_LOCATOR}</arg>
<doc>Click the element identified by ``locator``.</doc>
<msg timestamp="20241024 17:22:06.510" level="INFO">Clicking element 'xpath=//button[normalize-space()='Login']'.</msg>
<status status="PASS" starttime="20241024 17:22:06.504" endtime="20241024 17:22:06.583"/>
</kw>
<status status="PASS" starttime="20241024 17:22:06.504" endtime="20241024 17:22:06.583"/>
</kw>
<kw name="Click Element" library="SeleniumLibrary">
<arg>xpath=//span[normalize-space()='PIM']</arg>
<doc>Click the element identified by ``locator``.</doc>
<msg timestamp="20241024 17:22:06.584" level="INFO">Clicking element 'xpath=//span[normalize-space()='PIM']'.</msg>
<status status="PASS" starttime="20241024 17:22:06.584" endtime="20241024 17:22:09.474"/>
</kw>
<kw name="Click Element" library="SeleniumLibrary">
<arg>xpath=//a[normalize-space()='Add Employee']</arg>
<doc>Click the element identified by ``locator``.</doc>
<msg timestamp="20241024 17:22:09.476" level="INFO">Clicking element 'xpath=//a[normalize-space()='Add Employee']'.</msg>
<status status="PASS" starttime="20241024 17:22:09.475" endtime="20241024 17:22:10.507"/>
</kw>
<kw name="Input Text" library="SeleniumLibrary">
<arg>name=firstName</arg>
<arg>john</arg>
<doc>Types the given ``text`` into the text field identified by ``locator``.</doc>
<msg timestamp="20241024 17:22:10.508" level="INFO">Typing text 'john' into text field 'name=firstName'.</msg>
<status status="PASS" starttime="20241024 17:22:10.507" endtime="20241024 17:22:10.974"/>
</kw>
<kw name="Input Text" library="SeleniumLibrary">
<arg>name=middleName</arg>
<arg>w</arg>
<doc>Types the given ``text`` into the text field identified by ``locator``.</doc>
<msg timestamp="20241024 17:22:10.975" level="INFO">Typing text 'w' into text field 'name=middleName'.</msg>
<status status="PASS" starttime="20241024 17:22:10.974" endtime="20241024 17:22:11.056"/>
</kw>
<kw name="Input Text" library="SeleniumLibrary">
<arg>name=lastName</arg>
<arg>wick</arg>
<doc>Types the given ``text`` into the text field identified by ``locator``.</doc>
<msg timestamp="20241024 17:22:11.056" level="INFO">Typing text 'wick' into text field 'name=lastName'.</msg>
<status status="PASS" starttime="20241024 17:22:11.056" endtime="20241024 17:22:11.134"/>
</kw>
<kw name="Choose File" library="SeleniumLibrary">
<arg>xpath=//input[@type='file']</arg>
<arg>${EXECDIR}${/}test-data${/}images${/}profile.png</arg>
<doc>Inputs the ``file_path`` into the file input field ``locator``.</doc>
<msg timestamp="20241024 17:22:11.134" level="INFO">Sending C:\Mine\Company\Konsberg\HybridFramework\test-data\images\profile.png to browser.</msg>
<status status="PASS" starttime="20241024 17:22:11.134" endtime="20241024 17:22:11.175"/>
</kw>
<kw name="Click Element" library="SeleniumLibrary">
<arg>xpath=//button[normalize-space()='Save']</arg>
<doc>Click the element identified by ``locator``.</doc>
<msg timestamp="20241024 17:22:11.176" level="INFO">Clicking element 'xpath=//button[normalize-space()='Save']'.</msg>
<status status="PASS" starttime="20241024 17:22:11.175" endtime="20241024 17:22:11.249"/>
</kw>
<kw name="Element Text Should Be" library="SeleniumLibrary">
<arg>xpath=//h6[contains(normalize-space(),'john')]</arg>
<arg>john wick</arg>
<doc>Verifies that element ``locator`` contains exact the text ``expected``.</doc>
<msg timestamp="20241024 17:22:11.249" level="INFO">Verifying element 'xpath=//h6[contains(normalize-space(),'john')]' contains exact text 'john wick'.</msg>
<status status="PASS" starttime="20241024 17:22:11.249" endtime="20241024 17:22:17.416"/>
</kw>
<kw name="Element Attribute Value Should Be" library="SeleniumLibrary">
<arg>name=firstName</arg>
<arg>value</arg>
<arg>john</arg>
<doc>Verifies element identified by ``locator`` contains expected attribute value.</doc>
<msg timestamp="20241024 17:22:18.501" level="INFO">Element 'name=firstName' attribute 'value' contains value 'john'.</msg>
<status status="PASS" starttime="20241024 17:22:17.416" endtime="20241024 17:22:18.501"/>
</kw>
<kw name="Take Screenshot And Close Browser" library="CommonFunctionality" type="TEARDOWN">
<kw name="Run Keyword And Ignore Error" library="BuiltIn">
<arg>Capture Page Screenshot</arg>
<doc>Runs the given keyword with the given arguments and ignores possible error.</doc>
<kw name="Capture Page Screenshot" library="SeleniumLibrary">
<doc>Takes a screenshot of the current page and embeds it into a log file.</doc>
<msg timestamp="20241024 17:22:18.732" level="INFO" html="true">&lt;/td&gt;&lt;/tr&gt;&lt;tr&gt;&lt;td colspan="3"&gt;&lt;a href="../../logs/selenium-screenshot-52.png"&gt;&lt;img src="../../logs/selenium-screenshot-52.png" width="800px"&gt;&lt;/a&gt;</msg>
<status status="PASS" starttime="20241024 17:22:18.501" endtime="20241024 17:22:18.732"/>
</kw>
<status status="PASS" starttime="20241024 17:22:18.501" endtime="20241024 17:22:18.732"/>
</kw>
<kw name="Close All Browsers" library="SeleniumLibrary">
<doc>Closes all open browsers and resets the browser cache.</doc>
<status status="PASS" starttime="20241024 17:22:18.732" endtime="20241024 17:22:24.984"/>
</kw>
<status status="PASS" starttime="20241024 17:22:18.501" endtime="20241024 17:22:24.984"/>
</kw>
<status status="PASS" starttime="20241024 17:21:59.849" endtime="20241024 17:22:24.984"/>
</test>
<doc>This suite file validates valid login of the employee and admin
which connects to scenario SC_02 and test case TC02</doc>
<status status="PASS" starttime="20241024 17:21:59.592" endtime="20241024 17:22:24.989"/>
</suite>
<status status="PASS" starttime="20241024 17:21:59.568" endtime="20241024 17:22:24.997"/>
</suite>
<statistics>
<total>
<stat pass="1" fail="0" skip="0">All Tests</stat>
</total>
<tag>
</tag>
<suite>
<stat pass="1" fail="0" skip="0" id="s1" name="Suites">Suites</stat>
<stat pass="1" fail="0" skip="0" id="s1-s1" name="Verify Valid Add Employee Suite">Suites.Verify Valid Add Employee Suite</stat>
</suite>
</statistics>
<errors>
</errors>
</robot>
