<?xml version="1.0" encoding="UTF-8"?>
<robot generator="Robot 6.1.1 (Python 3.11.4 on win32)" generated="20241024 17:21:33.802" rpa="false" schemaversion="4">
<suite id="s1" name="Suites">
<suite id="s1-s1" name="Verify Invalid Login Excel Suite" source="C:\Mine\Company\Konsberg\HybridFramework\test\1__login_suite\3__verify_invalid_login_excel_suite.robot">
<test id="s1-s1-t1" name="Invalid Login Test TC1" line="17">
<kw name="Launch Browser And Navigate To Url" library="CommonFunctionality" type="SETUP">
<kw name="Open Browser" library="SeleniumLibrary">
<arg>browser=${BROWSER}</arg>
<doc>Opens a new browser instance to the optional ``url``.</doc>
<msg timestamp="20241024 17:21:35.363" level="INFO">Opening browser 'chrome' to base url 'None'.</msg>
<status status="PASS" starttime="20241024 17:21:35.363" endtime="20241024 17:21:37.819"/>
</kw>
<kw name="Maximize Browser Window" library="SeleniumLibrary">
<doc>Maximizes current browser window.</doc>
<status status="PASS" starttime="20241024 17:21:37.820" endtime="20241024 17:21:37.851"/>
</kw>
<kw name="Set Selenium Implicit Wait" library="SeleniumLibrary">
<arg>30s</arg>
<doc>Sets the implicit wait value used by Selenium.</doc>
<status status="PASS" starttime="20241024 17:21:37.851" endtime="20241024 17:21:37.852"/>
</kw>
<kw name="Go To" library="SeleniumLibrary">
<arg>url=${URL}</arg>
<doc>Navigates the current browser window to the provided ``url``.</doc>
<msg timestamp="20241024 17:21:37.853" level="INFO">Opening url 'https://opensource-demo.orangehrmlive.com/'</msg>
<status status="PASS" starttime="20241024 17:21:37.852" endtime="20241024 17:21:42.346"/>
</kw>
<kw name="Set Screenshot Directory" library="SeleniumLibrary">
<arg>path=${EXECDIR}${/}logs</arg>
<doc>Sets the directory for captured screenshots.</doc>
<status status="PASS" starttime="20241024 17:21:42.346" endtime="20241024 17:21:42.347"/>
</kw>
<status status="PASS" starttime="20241024 17:21:35.359" endtime="20241024 17:21:42.347"/>
</kw>
<kw name="Verify Invalid Login Template">
<arg>jack</arg>
<arg>jack123</arg>
<arg>Invalid credentials</arg>
<kw name="Enter Username" library="login_page">
<arg>${username}</arg>
<doc>Types the given text into the Username field
Examples:
| Enter Username | Admin |
| Enter Username | John |</doc>
<kw name="Input Text" library="SeleniumLibrary">
<arg>${username_locator}</arg>
<arg>${username}</arg>
<doc>Types the given ``text`` into the text field identified by ``locator``.</doc>
<msg timestamp="20241024 17:21:42.350" level="INFO">Typing text 'jack' into text field 'name=username'.</msg>
<status status="PASS" starttime="20241024 17:21:42.348" endtime="20241024 17:21:43.125"/>
</kw>
<status status="PASS" starttime="20241024 17:21:42.348" endtime="20241024 17:21:43.125"/>
</kw>
<kw name="Enter Password" library="login_page">
<arg>${password}</arg>
<doc>Types the given text into the Password field
Examples:
| Enter Password | Admin |
| Enter Password | John |</doc>
<kw name="Input Password" library="SeleniumLibrary">
<arg>${PASSWORD_LOCATOR}</arg>
<arg>${password}</arg>
<doc>Types the given password into the text field identified by ``locator``.</doc>
<msg timestamp="20241024 17:21:43.130" level="INFO">Typing password into text field 'name=password'.</msg>
<msg timestamp="20241024 17:21:43.165" level="INFO">Temporally setting log level to: NONE</msg>
<msg timestamp="20241024 17:21:43.214" level="INFO">Log level changed from NONE to INFO.</msg>
<status status="PASS" starttime="20241024 17:21:43.125" endtime="20241024 17:21:43.214"/>
</kw>
<status status="PASS" starttime="20241024 17:21:43.125" endtime="20241024 17:21:43.214"/>
</kw>
<kw name="Click Login" library="login_page">
<doc>Clicks on the login button
Examples:
| Click Login  |</doc>
<kw name="Click Element" library="SeleniumLibrary">
<arg>${LOGIN_LOCATOR}</arg>
<doc>Click the element identified by ``locator``.</doc>
<msg timestamp="20241024 17:21:43.219" level="INFO">Clicking element 'xpath=//button[normalize-space()='Login']'.</msg>
<status status="PASS" starttime="20241024 17:21:43.219" endtime="20241024 17:21:43.263"/>
</kw>
<status status="PASS" starttime="20241024 17:21:43.214" endtime="20241024 17:21:43.263"/>
</kw>
<kw name="Validate Invalid Login Error Message" library="login_page">
<arg>${expected_error}</arg>
<doc>Verifies the invalid error message.
Examples:
| Validate Invalid Login Error Message | Invalid Username name |</doc>
<kw name="Element Text Should Be" library="SeleniumLibrary">
<arg>${ERROR_LOCATOR}</arg>
<arg>${expected_error}</arg>
<doc>Verifies that element ``locator`` contains exact the text ``expected``.</doc>
<msg timestamp="20241024 17:21:43.265" level="INFO">Verifying element 'xpath=//p[contains(normalize-space(),'Invalid')]' contains exact text 'Invalid credentials'.</msg>
<status status="PASS" starttime="20241024 17:21:43.265" endtime="20241024 17:21:44.482"/>
</kw>
<status status="PASS" starttime="20241024 17:21:43.264" endtime="20241024 17:21:44.482"/>
</kw>
<status status="PASS" starttime="20241024 17:21:42.347" endtime="20241024 17:21:44.482"/>
</kw>
<kw name="Take Screenshot And Close Browser" library="CommonFunctionality" type="TEARDOWN">
<kw name="Run Keyword And Ignore Error" library="BuiltIn">
<arg>Capture Page Screenshot</arg>
<doc>Runs the given keyword with the given arguments and ignores possible error.</doc>
<kw name="Capture Page Screenshot" library="SeleniumLibrary">
<doc>Takes a screenshot of the current page and embeds it into a log file.</doc>
<msg timestamp="20241024 17:21:44.719" level="INFO" html="true">&lt;/td&gt;&lt;/tr&gt;&lt;tr&gt;&lt;td colspan="3"&gt;&lt;a href="../../logs/selenium-screenshot-47.png"&gt;&lt;img src="../../logs/selenium-screenshot-47.png" width="800px"&gt;&lt;/a&gt;</msg>
<status status="PASS" starttime="20241024 17:21:44.484" endtime="20241024 17:21:44.719"/>
</kw>
<status status="PASS" starttime="20241024 17:21:44.483" endtime="20241024 17:21:44.720"/>
</kw>
<kw name="Close All Browsers" library="SeleniumLibrary">
<doc>Closes all open browsers and resets the browser cache.</doc>
<status status="PASS" starttime="20241024 17:21:44.720" endtime="20241024 17:21:50.906"/>
</kw>
<status status="PASS" starttime="20241024 17:21:44.482" endtime="20241024 17:21:50.906"/>
</kw>
<status status="PASS" starttime="20241024 17:21:35.349" endtime="20241024 17:21:50.906"/>
</test>
<test id="s1-s1-t2" name="Invalid Login Test TC2" line="17">
<kw name="Launch Browser And Navigate To Url" library="CommonFunctionality" type="SETUP">
<kw name="Open Browser" library="SeleniumLibrary">
<arg>browser=${BROWSER}</arg>
<doc>Opens a new browser instance to the optional ``url``.</doc>
<msg timestamp="20241024 17:21:50.919" level="INFO">Opening browser 'chrome' to base url 'None'.</msg>
<status status="PASS" starttime="20241024 17:21:50.919" endtime="20241024 17:21:52.912"/>
</kw>
<kw name="Maximize Browser Window" library="SeleniumLibrary">
<doc>Maximizes current browser window.</doc>
<status status="PASS" starttime="20241024 17:21:52.913" endtime="20241024 17:21:52.944"/>
</kw>
<kw name="Set Selenium Implicit Wait" library="SeleniumLibrary">
<arg>30s</arg>
<doc>Sets the implicit wait value used by Selenium.</doc>
<status status="PASS" starttime="20241024 17:21:52.944" endtime="20241024 17:21:52.948"/>
</kw>
<kw name="Go To" library="SeleniumLibrary">
<arg>url=${URL}</arg>
<doc>Navigates the current browser window to the provided ``url``.</doc>
<msg timestamp="20241024 17:21:52.950" level="INFO">Opening url 'https://opensource-demo.orangehrmlive.com/'</msg>
<status status="PASS" starttime="20241024 17:21:52.948" endtime="20241024 17:21:57.037"/>
</kw>
<kw name="Set Screenshot Directory" library="SeleniumLibrary">
<arg>path=${EXECDIR}${/}logs</arg>
<doc>Sets the directory for captured screenshots.</doc>
<status status="PASS" starttime="20241024 17:21:57.037" endtime="20241024 17:21:57.038"/>
</kw>
<status status="PASS" starttime="20241024 17:21:50.914" endtime="20241024 17:21:57.038"/>
</kw>
<kw name="Verify Invalid Login Template">
<arg>Kim</arg>
<arg>kim123</arg>
<arg>Invalid credentials</arg>
<kw name="Enter Username" library="login_page">
<arg>${username}</arg>
<doc>Types the given text into the Username field
Examples:
| Enter Username | Admin |
| Enter Username | John |</doc>
<kw name="Input Text" library="SeleniumLibrary">
<arg>${username_locator}</arg>
<arg>${username}</arg>
<doc>Types the given ``text`` into the text field identified by ``locator``.</doc>
<msg timestamp="20241024 17:21:57.040" level="INFO">Typing text 'Kim' into text field 'name=username'.</msg>
<status status="PASS" starttime="20241024 17:21:57.040" endtime="20241024 17:21:58.542"/>
</kw>
<status status="PASS" starttime="20241024 17:21:57.039" endtime="20241024 17:21:58.543"/>
</kw>
<kw name="Enter Password" library="login_page">
<arg>${password}</arg>
<doc>Types the given text into the Password field
Examples:
| Enter Password | Admin |
| Enter Password | John |</doc>
<kw name="Input Password" library="SeleniumLibrary">
<arg>${PASSWORD_LOCATOR}</arg>
<arg>${password}</arg>
<doc>Types the given password into the text field identified by ``locator``.</doc>
<msg timestamp="20241024 17:21:58.544" level="INFO">Typing password into text field 'name=password'.</msg>
<msg timestamp="20241024 17:21:58.584" level="INFO">Temporally setting log level to: NONE</msg>
<msg timestamp="20241024 17:21:58.639" level="INFO">Log level changed from NONE to INFO.</msg>
<status status="PASS" starttime="20241024 17:21:58.543" endtime="20241024 17:21:58.639"/>
</kw>
<status status="PASS" starttime="20241024 17:21:58.543" endtime="20241024 17:21:58.639"/>
</kw>
<kw name="Click Login" library="login_page">
<doc>Clicks on the login button
Examples:
| Click Login  |</doc>
<kw name="Click Element" library="SeleniumLibrary">
<arg>${LOGIN_LOCATOR}</arg>
<doc>Click the element identified by ``locator``.</doc>
<msg timestamp="20241024 17:21:58.639" level="INFO">Clicking element 'xpath=//button[normalize-space()='Login']'.</msg>
<status status="PASS" starttime="20241024 17:21:58.639" endtime="20241024 17:21:58.693"/>
</kw>
<status status="PASS" starttime="20241024 17:21:58.639" endtime="20241024 17:21:58.698"/>
</kw>
<kw name="Validate Invalid Login Error Message" library="login_page">
<arg>${expected_error}</arg>
<doc>Verifies the invalid error message.
Examples:
| Validate Invalid Login Error Message | Invalid Username name |</doc>
<kw name="Element Text Should Be" library="SeleniumLibrary">
<arg>${ERROR_LOCATOR}</arg>
<arg>${expected_error}</arg>
<doc>Verifies that element ``locator`` contains exact the text ``expected``.</doc>
<msg timestamp="20241024 17:21:58.698" level="INFO">Verifying element 'xpath=//p[contains(normalize-space(),'Invalid')]' contains exact text 'Invalid credentials'.</msg>
<status status="PASS" starttime="20241024 17:21:58.698" endtime="20241024 17:22:00.016"/>
</kw>
<status status="PASS" starttime="20241024 17:21:58.698" endtime="20241024 17:22:00.016"/>
</kw>
<status status="PASS" starttime="20241024 17:21:57.039" endtime="20241024 17:22:00.016"/>
</kw>
<kw name="Take Screenshot And Close Browser" library="CommonFunctionality" type="TEARDOWN">
<kw name="Run Keyword And Ignore Error" library="BuiltIn">
<arg>Capture Page Screenshot</arg>
<doc>Runs the given keyword with the given arguments and ignores possible error.</doc>
<kw name="Capture Page Screenshot" library="SeleniumLibrary">
<doc>Takes a screenshot of the current page and embeds it into a log file.</doc>
<msg timestamp="20241024 17:22:00.268" level="INFO" html="true">&lt;/td&gt;&lt;/tr&gt;&lt;tr&gt;&lt;td colspan="3"&gt;&lt;a href="../../logs/selenium-screenshot-50.png"&gt;&lt;img src="../../logs/selenium-screenshot-50.png" width="800px"&gt;&lt;/a&gt;</msg>
<status status="PASS" starttime="20241024 17:22:00.016" endtime="20241024 17:22:00.268"/>
</kw>
<status status="PASS" starttime="20241024 17:22:00.016" endtime="20241024 17:22:00.268"/>
</kw>
<kw name="Close All Browsers" library="SeleniumLibrary">
<doc>Closes all open browsers and resets the browser cache.</doc>
<status status="PASS" starttime="20241024 17:22:00.268" endtime="20241024 17:22:06.549"/>
</kw>
<status status="PASS" starttime="20241024 17:22:00.016" endtime="20241024 17:22:06.549"/>
</kw>
<status status="PASS" starttime="20241024 17:21:50.906" endtime="20241024 17:22:06.549"/>
</test>
<doc>This suite file validates valid login of the employee and admin
which connects to scenario SC_02 and test case TC02</doc>
<status status="PASS" starttime="20241024 17:21:33.832" endtime="20241024 17:22:06.550"/>
</suite>
<status status="PASS" starttime="20241024 17:21:33.817" endtime="20241024 17:22:06.552"/>
</suite>
<statistics>
<total>
<stat pass="2" fail="0" skip="0">All Tests</stat>
</total>
<tag>
</tag>
<suite>
<stat pass="2" fail="0" skip="0" id="s1" name="Suites">Suites</stat>
<stat pass="2" fail="0" skip="0" id="s1-s1" name="Verify Invalid Login Excel Suite">Suites.Verify Invalid Login Excel Suite</stat>
</suite>
</statistics>
<errors>
</errors>
</robot>
